<?xml version="1.0" encoding="UTF-8"?>
<testsuite xmlns:xsi="http://www.w3.org/2001/XMLSchema-instance" xsi:noNamespaceSchemaLocation="https://maven.apache.org/surefire/maven-surefire-plugin/xsd/surefire-test-report-3.0.xsd" version="3.0" name="org.example.LoanCalculatorTest" time="0.404" tests="33" errors="0" skipped="0" failures="0">
  <properties>
    <property name="java.specification.version" value="23"/>
    <property name="sun.cpu.isalist" value="amd64"/>
    <property name="sun.jnu.encoding" value="MS950"/>
    <property name="java.class.path" value="C:\Users\drlin\Project_Java\H04\target\test-classes;C:\Users\drlin\Project_Java\H04\target\classes;C:\Users\drlin\.m2\repository\org\junit\jupiter\junit-jupiter\5.11.1\junit-jupiter-5.11.1.jar;C:\Users\drlin\.m2\repository\org\junit\jupiter\junit-jupiter-api\5.11.1\junit-jupiter-api-5.11.1.jar;C:\Users\drlin\.m2\repository\org\opentest4j\opentest4j\1.3.0\opentest4j-1.3.0.jar;C:\Users\drlin\.m2\repository\org\junit\platform\junit-platform-commons\1.11.1\junit-platform-commons-1.11.1.jar;C:\Users\drlin\.m2\repository\org\apiguardian\apiguardian-api\1.1.2\apiguardian-api-1.1.2.jar;C:\Users\drlin\.m2\repository\org\junit\jupiter\junit-jupiter-params\5.11.1\junit-jupiter-params-5.11.1.jar;C:\Users\drlin\.m2\repository\org\junit\jupiter\junit-jupiter-engine\5.11.1\junit-jupiter-engine-5.11.1.jar;C:\Users\drlin\.m2\repository\org\junit\platform\junit-platform-engine\1.11.1\junit-platform-engine-1.11.1.jar;C:\Users\drlin\.m2\repository\org\jacoco\jacoco-maven-plugin\0.8.12\jacoco-maven-plugin-0.8.12.jar;C:\Users\drlin\.m2\repository\org\codehaus\plexus\plexus-utils\3.0.24\plexus-utils-3.0.24.jar;C:\Users\drlin\.m2\repository\org\apache\maven\shared\file-management\3.1.0\file-management-3.1.0.jar;C:\Users\drlin\.m2\repository\org\slf4j\slf4j-api\1.7.36\slf4j-api-1.7.36.jar;C:\Users\drlin\.m2\repository\commons-io\commons-io\2.11.0\commons-io-2.11.0.jar;C:\Users\drlin\.m2\repository\org\apache\maven\reporting\maven-reporting-api\3.0\maven-reporting-api-3.0.jar;C:\Users\drlin\.m2\repository\org\apache\maven\doxia\doxia-sink-api\1.0\doxia-sink-api-1.0.jar;C:\Users\drlin\.m2\repository\org\jacoco\org.jacoco.agent\0.8.12\org.jacoco.agent-0.8.12-runtime.jar;C:\Users\drlin\.m2\repository\org\jacoco\org.jacoco.core\0.8.12\org.jacoco.core-0.8.12.jar;C:\Users\drlin\.m2\repository\org\ow2\asm\asm\9.7\asm-9.7.jar;C:\Users\drlin\.m2\repository\org\ow2\asm\asm-commons\9.7\asm-commons-9.7.jar;C:\Users\drlin\.m2\repository\org\ow2\asm\asm-tree\9.7\asm-tree-9.7.jar;C:\Users\drlin\.m2\repository\org\jacoco\org.jacoco.report\0.8.12\org.jacoco.report-0.8.12.jar;"/>
    <property name="java.vm.vendor" value="Oracle Corporation"/>
    <property name="sun.arch.data.model" value="64"/>
    <property name="user.variant" value=""/>
    <property name="java.vendor.url" value="https://java.oracle.com/"/>
    <property name="user.timezone" value="Asia/Taipei"/>
    <property name="os.name" value="Windows 11"/>
    <property name="java.vm.specification.version" value="23"/>
    <property name="sun.java.launcher" value="SUN_STANDARD"/>
    <property name="user.country" value="TW"/>
    <property name="sun.boot.library.path" value="C:\Users\drlin\.jdks\openjdk-23.0.2\bin"/>
    <property name="sun.java.command" value="C:\Users\drlin\AppData\Local\Temp\surefire10505141774905135040\surefirebooter-20250514152232712_3.jar C:\Users\drlin\AppData\Local\Temp\surefire10505141774905135040 2025-05-14T15-22-32_537-jvmRun1 surefire-20250514152232712_1tmp surefire_0-20250514152232712_2tmp"/>
    <property name="jdk.debug" value="release"/>
    <property name="surefire.test.class.path" value="C:\Users\drlin\Project_Java\H04\target\test-classes;C:\Users\drlin\Project_Java\H04\target\classes;C:\Users\drlin\.m2\repository\org\junit\jupiter\junit-jupiter\5.11.1\junit-jupiter-5.11.1.jar;C:\Users\drlin\.m2\repository\org\junit\jupiter\junit-jupiter-api\5.11.1\junit-jupiter-api-5.11.1.jar;C:\Users\drlin\.m2\repository\org\opentest4j\opentest4j\1.3.0\opentest4j-1.3.0.jar;C:\Users\drlin\.m2\repository\org\junit\platform\junit-platform-commons\1.11.1\junit-platform-commons-1.11.1.jar;C:\Users\drlin\.m2\repository\org\apiguardian\apiguardian-api\1.1.2\apiguardian-api-1.1.2.jar;C:\Users\drlin\.m2\repository\org\junit\jupiter\junit-jupiter-params\5.11.1\junit-jupiter-params-5.11.1.jar;C:\Users\drlin\.m2\repository\org\junit\jupiter\junit-jupiter-engine\5.11.1\junit-jupiter-engine-5.11.1.jar;C:\Users\drlin\.m2\repository\org\junit\platform\junit-platform-engine\1.11.1\junit-platform-engine-1.11.1.jar;C:\Users\drlin\.m2\repository\org\jacoco\jacoco-maven-plugin\0.8.12\jacoco-maven-plugin-0.8.12.jar;C:\Users\drlin\.m2\repository\org\codehaus\plexus\plexus-utils\3.0.24\plexus-utils-3.0.24.jar;C:\Users\drlin\.m2\repository\org\apache\maven\shared\file-management\3.1.0\file-management-3.1.0.jar;C:\Users\drlin\.m2\repository\org\slf4j\slf4j-api\1.7.36\slf4j-api-1.7.36.jar;C:\Users\drlin\.m2\repository\commons-io\commons-io\2.11.0\commons-io-2.11.0.jar;C:\Users\drlin\.m2\repository\org\apache\maven\reporting\maven-reporting-api\3.0\maven-reporting-api-3.0.jar;C:\Users\drlin\.m2\repository\org\apache\maven\doxia\doxia-sink-api\1.0\doxia-sink-api-1.0.jar;C:\Users\drlin\.m2\repository\org\jacoco\org.jacoco.agent\0.8.12\org.jacoco.agent-0.8.12-runtime.jar;C:\Users\drlin\.m2\repository\org\jacoco\org.jacoco.core\0.8.12\org.jacoco.core-0.8.12.jar;C:\Users\drlin\.m2\repository\org\ow2\asm\asm\9.7\asm-9.7.jar;C:\Users\drlin\.m2\repository\org\ow2\asm\asm-commons\9.7\asm-commons-9.7.jar;C:\Users\drlin\.m2\repository\org\ow2\asm\asm-tree\9.7\asm-tree-9.7.jar;C:\Users\drlin\.m2\repository\org\jacoco\org.jacoco.report\0.8.12\org.jacoco.report-0.8.12.jar;"/>
    <property name="sun.cpu.endian" value="little"/>
    <property name="user.home" value="C:\Users\drlin"/>
    <property name="user.language" value="zh"/>
    <property name="java.specification.vendor" value="Oracle Corporation"/>
    <property name="java.version.date" value="2025-01-21"/>
    <property name="java.home" value="C:\Users\drlin\.jdks\openjdk-23.0.2"/>
    <property name="file.separator" value="\"/>
    <property name="basedir" value="C:\Users\drlin\Project_Java\H04"/>
    <property name="java.vm.compressedOopsMode" value="Zero based"/>
    <property name="line.separator" value="&#10;"/>
    <property name="java.vm.specification.vendor" value="Oracle Corporation"/>
    <property name="java.specification.name" value="Java Platform API Specification"/>
    <property name="surefire.real.class.path" value="C:\Users\drlin\AppData\Local\Temp\surefire10505141774905135040\surefirebooter-20250514152232712_3.jar"/>
    <property name="user.script" value=""/>
    <property name="sun.management.compiler" value="HotSpot 64-Bit Tiered Compilers"/>
    <property name="java.runtime.version" value="23.0.2+7-58"/>
    <property name="user.name" value="drlin"/>
    <property name="stdout.encoding" value="MS950"/>
    <property name="path.separator" value=";"/>
    <property name="os.version" value="10.0"/>
    <property name="java.runtime.name" value="OpenJDK Runtime Environment"/>
    <property name="file.encoding" value="UTF-8"/>
    <property name="java.vm.name" value="OpenJDK 64-Bit Server VM"/>
    <property name="localRepository" value="C:\Users\drlin\.m2\repository"/>
    <property name="java.vendor.url.bug" value="https://bugreport.java.com/bugreport/"/>
    <property name="java.io.tmpdir" value="C:\Users\drlin\AppData\Local\Temp\"/>
    <property name="idea.version" value="2024.3"/>
    <property name="java.version" value="23.0.2"/>
    <property name="user.dir" value="C:\Users\drlin\Project_Java\H04"/>
    <property name="os.arch" value="amd64"/>
    <property name="java.vm.specification.name" value="Java Virtual Machine Specification"/>
    <property name="sun.os.patch.level" value=""/>
    <property name="native.encoding" value="MS950"/>
    <property name="java.library.path" value="C:\Users\drlin\.jdks\openjdk-23.0.2\bin;C:\WINDOWS\Sun\Java\bin;C:\WINDOWS\system32;C:\WINDOWS;C:\Program Files\Common Files\Oracle\Java\javapath;C:\Program Files (x86)\Common Files\Oracle\Java\java8path;C:\Program Files (x86)\Common Files\Oracle\Java\javapath;C:\Windows\system32;C:\Windows;C:\Windows\System32\Wbem;C:\Windows\System32\WindowsPowerShell\v1.0\;C:\Windows\System32\OpenSSH\;C:\Program Files (x86)\NVIDIA Corporation\PhysX\Common;C:\Program Files\Git\cmd;C:\MinGW\bin;C:\Program Files\dotnet\;C:\Program Files\NVIDIA Corporation\NVIDIA app\NvDLISR;C:\Program Files (x86)\Pulse Secure\VC142.CRT\X64\;C:\Program Files (x86)\Pulse Secure\VC142.CRT\X86\;C:\Program Files (x86)\Common Files\Pulse Secure\TNC Client Plugin\;C:\Users\drlin\Git\cmd;C:\WINDOWS\system32;C:\WINDOWS;C:\WINDOWS\System32\Wbem;C:\WINDOWS\System32\WindowsPowerShell\v1.0\;C:\WINDOWS\System32\OpenSSH\;C:\Program Files\PuTTY\;C:\Users\drlin\AppData\Local\Programs\Python\Python311\Scripts\;C:\Users\drlin\AppData\Local\Programs\Python\Python311\;C:\Users\drlin\AppData\Local\Microsoft\WindowsApps;C:\Users\drlin\AppData\Local\Programs\Microsoft VS Code\bin;C:\Program Files\JetBrains\IntelliJ IDEA Community Edition 2024.3\bin;;C:\PHP\php-8.3.7;C:\Program Files\JetBrains\PyCharm Community Edition 2024.2.1\bin;;C:\Users\drlin\AppData\Local\GitHubDesktop\bin;C:\Users\drlin\.dotnet\tools;;."/>
    <property name="java.vm.info" value="mixed mode, sharing"/>
    <property name="stderr.encoding" value="MS950"/>
    <property name="java.vendor" value="Oracle Corporation"/>
    <property name="java.vm.version" value="23.0.2+7-58"/>
    <property name="sun.io.unicode.encoding" value="UnicodeLittle"/>
    <property name="java.class.version" value="67.0"/>
  </properties>
  <testcase name="weakTest(int, double, boolean, boolean, double)[1]" classname="org.example.LoanCalculatorTest" time="0.121"/>
  <testcase name="weakTest(int, double, boolean, boolean, double)[2]" classname="org.example.LoanCalculatorTest" time="0.004">
    <system-out><![CDATA[0.6
]]></system-out>
  </testcase>
  <testcase name="weakTest(int, double, boolean, boolean, double)[3]" classname="org.example.LoanCalculatorTest" time="0.003">
    <system-out><![CDATA[2.5
]]></system-out>
  </testcase>
  <testcase name="strongTest(int, double, boolean, boolean, double)[1]" classname="org.example.LoanCalculatorTest" time="0.002"/>
  <testcase name="strongTest(int, double, boolean, boolean, double)[2]" classname="org.example.LoanCalculatorTest" time="0.002">
    <system-out><![CDATA[0.1
]]></system-out>
  </testcase>
  <testcase name="strongTest(int, double, boolean, boolean, double)[3]" classname="org.example.LoanCalculatorTest" time="0.001"/>
  <testcase name="strongTest(int, double, boolean, boolean, double)[4]" classname="org.example.LoanCalculatorTest" time="0.002">
    <system-out><![CDATA[0.1
]]></system-out>
  </testcase>
  <testcase name="strongTest(int, double, boolean, boolean, double)[5]" classname="org.example.LoanCalculatorTest" time="0.002"/>
  <testcase name="strongTest(int, double, boolean, boolean, double)[6]" classname="org.example.LoanCalculatorTest" time="0.001">
    <system-out><![CDATA[0.1
]]></system-out>
  </testcase>
  <testcase name="strongTest(int, double, boolean, boolean, double)[7]" classname="org.example.LoanCalculatorTest" time="0.003"/>
  <testcase name="strongTest(int, double, boolean, boolean, double)[8]" classname="org.example.LoanCalculatorTest" time="0.002">
    <system-out><![CDATA[0.1
]]></system-out>
  </testcase>
  <testcase name="strongTest(int, double, boolean, boolean, double)[9]" classname="org.example.LoanCalculatorTest" time="0.002"/>
  <testcase name="strongTest(int, double, boolean, boolean, double)[10]" classname="org.example.LoanCalculatorTest" time="0.001">
    <system-out><![CDATA[0.6
]]></system-out>
  </testcase>
  <testcase name="strongTest(int, double, boolean, boolean, double)[11]" classname="org.example.LoanCalculatorTest" time="0.002"/>
  <testcase name="strongTest(int, double, boolean, boolean, double)[12]" classname="org.example.LoanCalculatorTest" time="0.001">
    <system-out><![CDATA[0.6
]]></system-out>
  </testcase>
  <testcase name="strongTest(int, double, boolean, boolean, double)[13]" classname="org.example.LoanCalculatorTest" time="0.002"/>
  <testcase name="strongTest(int, double, boolean, boolean, double)[14]" classname="org.example.LoanCalculatorTest" time="0.002">
    <system-out><![CDATA[0.6
]]></system-out>
  </testcase>
  <testcase name="strongTest(int, double, boolean, boolean, double)[15]" classname="org.example.LoanCalculatorTest" time="0.002"/>
  <testcase name="strongTest(int, double, boolean, boolean, double)[16]" classname="org.example.LoanCalculatorTest" time="0.001">
    <system-out><![CDATA[0.6
]]></system-out>
  </testcase>
  <testcase name="strongTest(int, double, boolean, boolean, double)[17]" classname="org.example.LoanCalculatorTest" time="0.002"/>
  <testcase name="strongTest(int, double, boolean, boolean, double)[18]" classname="org.example.LoanCalculatorTest" time="0.001">
    <system-out><![CDATA[2.5
]]></system-out>
  </testcase>
  <testcase name="strongTest(int, double, boolean, boolean, double)[19]" classname="org.example.LoanCalculatorTest" time="0.001"/>
  <testcase name="strongTest(int, double, boolean, boolean, double)[20]" classname="org.example.LoanCalculatorTest" time="0.002">
    <system-out><![CDATA[1.1
]]></system-out>
  </testcase>
  <testcase name="strongTest(int, double, boolean, boolean, double)[21]" classname="org.example.LoanCalculatorTest" time="0.001"/>
  <testcase name="strongTest(int, double, boolean, boolean, double)[22]" classname="org.example.LoanCalculatorTest" time="0.0">
    <system-out><![CDATA[1.1
]]></system-out>
  </testcase>
  <testcase name="strongTest(int, double, boolean, boolean, double)[23]" classname="org.example.LoanCalculatorTest" time="0.002"/>
  <testcase name="strongTest(int, double, boolean, boolean, double)[24]" classname="org.example.LoanCalculatorTest" time="0.001">
    <system-out><![CDATA[1.1
]]></system-out>
  </testcase>
  <testcase name="allPairTest(int, double, boolean, boolean, double)[1]" classname="org.example.LoanCalculatorTest" time="0.002"/>
  <testcase name="allPairTest(int, double, boolean, boolean, double)[2]" classname="org.example.LoanCalculatorTest" time="0.001">
    <system-out><![CDATA[0.1
]]></system-out>
  </testcase>
  <testcase name="allPairTest(int, double, boolean, boolean, double)[3]" classname="org.example.LoanCalculatorTest" time="0.001"/>
  <testcase name="allPairTest(int, double, boolean, boolean, double)[4]" classname="org.example.LoanCalculatorTest" time="0.002">
    <system-out><![CDATA[0.6
]]></system-out>
  </testcase>
  <testcase name="allPairTest(int, double, boolean, boolean, double)[5]" classname="org.example.LoanCalculatorTest" time="0.001"/>
  <testcase name="allPairTest(int, double, boolean, boolean, double)[6]" classname="org.example.LoanCalculatorTest" time="0.001">
    <system-out><![CDATA[2.5
]]></system-out>
  </testcase>
</testsuite>